{"name":"hexo","hostname":"localhost","pid":59559,"level":20,"msg":"Writing database to /Users/jinzhe01/blog/db.json","time":"2019-08-17T15:04:51.011Z","v":0}
{"name":"hexo","hostname":"localhost","pid":59559,"level":20,"msg":"Hexo version: \u001b[35m3.9.0\u001b[39m","time":"2019-08-17T15:04:51.027Z","v":0}
{"name":"hexo","hostname":"localhost","pid":59559,"level":20,"msg":"Working directory: \u001b[35m~/blog/\u001b[39m","time":"2019-08-17T15:04:51.027Z","v":0}
{"name":"hexo","hostname":"localhost","pid":59559,"level":20,"msg":"Config loaded: \u001b[35m~/blog/_config.yml\u001b[39m","time":"2019-08-17T15:04:51.115Z","v":0}
{"name":"hexo","hostname":"localhost","pid":59559,"level":20,"msg":"Plugin loaded: \u001b[35mhexo-deployer-git\u001b[39m","time":"2019-08-17T15:04:51.147Z","v":0}
{"name":"hexo","hostname":"localhost","pid":59559,"level":20,"msg":"Plugin loaded: \u001b[35mhexo-generator-category\u001b[39m","time":"2019-08-17T15:04:51.149Z","v":0}
{"name":"hexo","hostname":"localhost","pid":59559,"level":20,"msg":"Plugin loaded: \u001b[35mhexo-generator-feed\u001b[39m","time":"2019-08-17T15:04:51.151Z","v":0}
{"name":"hexo","hostname":"localhost","pid":59559,"level":20,"msg":"Plugin loaded: \u001b[35mhexo-generator-archive\u001b[39m","time":"2019-08-17T15:04:51.152Z","v":0}
{"name":"hexo","hostname":"localhost","pid":59559,"level":20,"msg":"Plugin loaded: \u001b[35mhexo-generator-index\u001b[39m","time":"2019-08-17T15:04:51.155Z","v":0}
{"name":"hexo","hostname":"localhost","pid":59559,"level":20,"msg":"Plugin loaded: \u001b[35mhexo-generator-search\u001b[39m","time":"2019-08-17T15:04:51.158Z","v":0}
{"name":"hexo","hostname":"localhost","pid":59559,"level":20,"msg":"Plugin loaded: \u001b[35mhexo-generator-tag\u001b[39m","time":"2019-08-17T15:04:51.159Z","v":0}
{"name":"hexo","hostname":"localhost","pid":59559,"level":20,"msg":"Plugin loaded: \u001b[35mhexo-renderer-ejs\u001b[39m","time":"2019-08-17T15:04:51.162Z","v":0}
{"name":"hexo","hostname":"localhost","pid":59559,"level":20,"msg":"Plugin loaded: \u001b[35mhexo-renderer-marked\u001b[39m","time":"2019-08-17T15:04:51.168Z","v":0}
{"name":"hexo","hostname":"localhost","pid":59559,"level":20,"msg":"Plugin loaded: \u001b[35mhexo-renderer-stylus\u001b[39m","time":"2019-08-17T15:04:51.169Z","v":0}
{"name":"hexo","hostname":"localhost","pid":59559,"level":20,"msg":"Plugin loaded: \u001b[35mhexo-wordcount\u001b[39m","time":"2019-08-17T15:04:51.169Z","v":0}
{"name":"hexo","hostname":"localhost","pid":59559,"level":20,"msg":"Plugin loaded: \u001b[35mhexo-generator-baidu-sitemap\u001b[39m","time":"2019-08-17T15:04:51.173Z","v":0}
{"name":"hexo","hostname":"localhost","pid":59559,"level":20,"msg":"Plugin loaded: \u001b[35mhexo-generator-sitemap\u001b[39m","time":"2019-08-17T15:04:51.177Z","v":0}
{"name":"hexo","hostname":"localhost","pid":59559,"level":20,"msg":"Plugin loaded: \u001b[35mhexo-server\u001b[39m","time":"2019-08-17T15:04:51.253Z","v":0}
{"name":"hexo","hostname":"localhost","pid":59559,"level":20,"msg":"Script loaded: \u001b[35mthemes/next/scripts/events/lib/config.js\u001b[39m","time":"2019-08-17T15:04:51.263Z","v":0}
{"name":"hexo","hostname":"localhost","pid":59559,"level":20,"msg":"Script loaded: \u001b[35mthemes/next/scripts/events/lib/injects-point.js\u001b[39m","time":"2019-08-17T15:04:51.263Z","v":0}
{"name":"hexo","hostname":"localhost","pid":59559,"level":20,"msg":"Script loaded: \u001b[35mthemes/next/scripts/events/lib/injects.js\u001b[39m","time":"2019-08-17T15:04:51.264Z","v":0}
{"name":"hexo","hostname":"localhost","pid":59559,"level":20,"msg":"Script loaded: \u001b[35mthemes/next/scripts/filters/comment/changyan.js\u001b[39m","time":"2019-08-17T15:04:51.265Z","v":0}
{"name":"hexo","hostname":"localhost","pid":59559,"level":20,"msg":"Script loaded: \u001b[35mthemes/next/scripts/filters/comment/common.js\u001b[39m","time":"2019-08-17T15:04:51.265Z","v":0}
{"name":"hexo","hostname":"localhost","pid":59559,"level":20,"msg":"Script loaded: \u001b[35mthemes/next/scripts/filters/comment/default-config.js\u001b[39m","time":"2019-08-17T15:04:51.265Z","v":0}
{"name":"hexo","hostname":"localhost","pid":59559,"level":20,"msg":"Script loaded: \u001b[35mthemes/next/scripts/filters/comment/disqus.js\u001b[39m","time":"2019-08-17T15:04:51.266Z","v":0}
{"name":"hexo","hostname":"localhost","pid":59559,"level":20,"msg":"Script loaded: \u001b[35mthemes/next/scripts/filters/comment/disqusjs.js\u001b[39m","time":"2019-08-17T15:04:51.267Z","v":0}
{"name":"hexo","hostname":"localhost","pid":59559,"level":20,"msg":"Script loaded: \u001b[35mthemes/next/scripts/filters/comment/facebook-comments-plugin.js\u001b[39m","time":"2019-08-17T15:04:51.267Z","v":0}
{"name":"hexo","hostname":"localhost","pid":59559,"level":20,"msg":"Script loaded: \u001b[35mthemes/next/scripts/filters/comment/gitalk.js\u001b[39m","time":"2019-08-17T15:04:51.268Z","v":0}
{"name":"hexo","hostname":"localhost","pid":59559,"level":20,"msg":"Script loaded: \u001b[35mthemes/next/scripts/filters/comment/livere.js\u001b[39m","time":"2019-08-17T15:04:51.268Z","v":0}
{"name":"hexo","hostname":"localhost","pid":59559,"level":20,"msg":"Script loaded: \u001b[35mthemes/next/scripts/filters/comment/valine.js\u001b[39m","time":"2019-08-17T15:04:51.268Z","v":0}
{"name":"hexo","hostname":"localhost","pid":59559,"level":20,"msg":"Script loaded: \u001b[35mthemes/next/scripts/filters/comment/vkontakte.js\u001b[39m","time":"2019-08-17T15:04:51.268Z","v":0}
{"name":"hexo","hostname":"localhost","pid":59559,"level":20,"msg":"Script loaded: \u001b[35mthemes/next/scripts/filters/default-injects.js\u001b[39m","time":"2019-08-17T15:04:51.269Z","v":0}
{"name":"hexo","hostname":"localhost","pid":59559,"level":20,"msg":"Script loaded: \u001b[35mthemes/next/scripts/filters/excerpt.js\u001b[39m","time":"2019-08-17T15:04:51.269Z","v":0}
{"name":"hexo","hostname":"localhost","pid":59559,"level":20,"msg":"Script loaded: \u001b[35mthemes/next/scripts/filters/exturl.js\u001b[39m","time":"2019-08-17T15:04:51.274Z","v":0}
{"name":"hexo","hostname":"localhost","pid":59559,"level":20,"msg":"Script loaded: \u001b[35mthemes/next/scripts/filters/lazyload.js\u001b[39m","time":"2019-08-17T15:04:51.275Z","v":0}
{"name":"hexo","hostname":"localhost","pid":59559,"level":20,"msg":"Script loaded: \u001b[35mthemes/next/scripts/filters/minify.js\u001b[39m","time":"2019-08-17T15:04:51.276Z","v":0}
{"name":"hexo","hostname":"localhost","pid":59559,"level":20,"msg":"Script loaded: \u001b[35mthemes/next/scripts/events/core.js\u001b[39m","time":"2019-08-17T15:04:51.276Z","v":0}
{"name":"hexo","hostname":"localhost","pid":59559,"level":20,"msg":"Script loaded: \u001b[35mthemes/next/scripts/helpers/engine.js\u001b[39m","time":"2019-08-17T15:04:51.277Z","v":0}
{"name":"hexo","hostname":"localhost","pid":59559,"level":20,"msg":"Script loaded: \u001b[35mthemes/next/scripts/helpers/font.js\u001b[39m","time":"2019-08-17T15:04:51.277Z","v":0}
{"name":"hexo","hostname":"localhost","pid":59559,"level":20,"msg":"Script loaded: \u001b[35mthemes/next/scripts/helpers/next-inject.js\u001b[39m","time":"2019-08-17T15:04:51.277Z","v":0}
{"name":"hexo","hostname":"localhost","pid":59559,"level":20,"msg":"Script loaded: \u001b[35mthemes/next/scripts/helpers/next-js.js\u001b[39m","time":"2019-08-17T15:04:51.278Z","v":0}
{"name":"hexo","hostname":"localhost","pid":59559,"level":20,"msg":"Script loaded: \u001b[35mthemes/next/scripts/helpers/next-url.js\u001b[39m","time":"2019-08-17T15:04:51.278Z","v":0}
{"name":"hexo","hostname":"localhost","pid":59559,"level":20,"msg":"Script loaded: \u001b[35mthemes/next/scripts/tags/button.js\u001b[39m","time":"2019-08-17T15:04:51.278Z","v":0}
{"name":"hexo","hostname":"localhost","pid":59559,"level":20,"msg":"Script loaded: \u001b[35mthemes/next/scripts/tags/caniuse.js\u001b[39m","time":"2019-08-17T15:04:51.278Z","v":0}
{"name":"hexo","hostname":"localhost","pid":59559,"level":20,"msg":"Script loaded: \u001b[35mthemes/next/scripts/tags/center-quote.js\u001b[39m","time":"2019-08-17T15:04:51.278Z","v":0}
{"name":"hexo","hostname":"localhost","pid":59559,"level":20,"msg":"Script loaded: \u001b[35mthemes/next/scripts/tags/full-image.js\u001b[39m","time":"2019-08-17T15:04:51.279Z","v":0}
{"name":"hexo","hostname":"localhost","pid":59559,"level":20,"msg":"Script loaded: \u001b[35mthemes/next/scripts/tags/group-pictures.js\u001b[39m","time":"2019-08-17T15:04:51.279Z","v":0}
{"name":"hexo","hostname":"localhost","pid":59559,"level":20,"msg":"Script loaded: \u001b[35mthemes/next/scripts/tags/label.js\u001b[39m","time":"2019-08-17T15:04:51.279Z","v":0}
{"name":"hexo","hostname":"localhost","pid":59559,"level":20,"msg":"Script loaded: \u001b[35mthemes/next/scripts/tags/include-raw.js\u001b[39m","time":"2019-08-17T15:04:51.280Z","v":0}
{"name":"hexo","hostname":"localhost","pid":59559,"level":20,"msg":"Script loaded: \u001b[35mthemes/next/scripts/tags/mermaid.js\u001b[39m","time":"2019-08-17T15:04:51.280Z","v":0}
{"name":"hexo","hostname":"localhost","pid":59559,"level":20,"msg":"Script loaded: \u001b[35mthemes/next/scripts/tags/note.js\u001b[39m","time":"2019-08-17T15:04:51.280Z","v":0}
{"name":"hexo","hostname":"localhost","pid":59559,"level":20,"msg":"Script loaded: \u001b[35mthemes/next/scripts/tags/pdf.js\u001b[39m","time":"2019-08-17T15:04:51.280Z","v":0}
{"name":"hexo","hostname":"localhost","pid":59559,"level":20,"msg":"Script loaded: \u001b[35mthemes/next/scripts/tags/video.js\u001b[39m","time":"2019-08-17T15:04:51.281Z","v":0}
{"name":"hexo","hostname":"localhost","pid":59559,"level":20,"msg":"Script loaded: \u001b[35mthemes/next/scripts/tags/tabs.js\u001b[39m","time":"2019-08-17T15:04:51.281Z","v":0}
{"name":"hexo","hostname":"localhost","pid":59559,"level":20,"msg":"Database saved","time":"2019-08-17T15:04:51.287Z","v":0}
